[debug] [2019-02-07T03:15:33.986Z] ----------------------------------------------------------------------
[debug] [2019-02-07T03:15:33.988Z] Command:       /Users/joseph.bayes/.nvm/versions/node/v9.5.0/bin/node /Users/joseph.bayes/.nvm/versions/node/v9.5.0/bin/firebase serve
[debug] [2019-02-07T03:15:33.988Z] CLI Version:   4.2.1
[debug] [2019-02-07T03:15:33.988Z] Platform:      darwin
[debug] [2019-02-07T03:15:33.988Z] Node Version:  v9.5.0
[debug] [2019-02-07T03:15:33.989Z] Time:          Wed Feb 06 2019 22:15:33 GMT-0500 (EST)
[debug] [2019-02-07T03:15:33.989Z] ----------------------------------------------------------------------
[debug] 
[debug] [2019-02-07T03:15:34.004Z] > command requires scopes: ["email","openid","https://www.googleapis.com/auth/cloudplatformprojects.readonly","https://www.googleapis.com/auth/firebase","https://www.googleapis.com/auth/cloud-platform"]
[debug] [2019-02-07T03:15:34.004Z] > authorizing via signed-in user
[debug] [2019-02-07T03:15:34.006Z] >>> HTTP REQUEST GET https://admin.firebase.com/v1/projects/tsbase-8b80a  
 
[debug] [2019-02-07T03:15:34.366Z] <<< HTTP RESPONSE 200
[debug] [2019-02-07T03:15:34.367Z] >>> HTTP REQUEST GET https://cloudresourcemanager.googleapis.com/v1/projects/tsbase-8b80a  
 
[debug] [2019-02-07T03:15:34.854Z] <<< HTTP RESPONSE 200
[info] 
[info] === Serving from '/Users/joseph.bayes/repos/playground/tsbase/tsbase-docs'...
[info] 
[debug] [2019-02-07T03:15:34.857Z] >>> HTTP REQUEST GET https://mobilesdk-pa.googleapis.com/v1/projects/31519362844/clients/_:getWebAppConfig  
 
[debug] [2019-02-07T03:15:35.247Z] <<< HTTP RESPONSE 200
[info] i  hosting[tsbase-8b80a]: Serving hosting files from: dist
[info] ✔  hosting[tsbase-8b80a]: Local server: http://localhost:5000
